2024-02-03 07:54:52.743 [info] Log level: Info
2024-02-03 07:54:52.743 [info] Validating found git in: "git"
2024-02-03 07:54:52.743 [info] Using git "2.34.1" from "git"
2024-02-03 07:54:52.755 [info] > git rev-parse --show-toplevel [11ms]
2024-02-03 07:54:52.755 [info] fatal: not a git repository (or any of the parent directories): .git
2024-02-03 07:54:52.778 [info] > git rev-parse --show-toplevel [4ms]
2024-02-03 07:54:52.778 [info] fatal: not a git repository (or any of the parent directories): .git
2024-02-03 07:54:52.787 [info] > git rev-parse --show-toplevel [2ms]
2024-02-03 07:54:52.787 [info] fatal: not a git repository (or any of the parent directories): .git
2024-02-03 07:55:05.210 [info] > git rev-parse --show-toplevel [180ms]
2024-02-03 07:55:05.210 [info] fatal: not a git repository (or any of the parent directories): .git
2024-02-03 07:58:09.754 [info] > git rev-parse --show-toplevel [6ms]
2024-02-03 07:58:09.755 [info] fatal: not a git repository (or any of the parent directories): .git
2024-02-03 07:58:11.280 [info] > git rev-parse --show-toplevel [8ms]
2024-02-03 07:58:11.280 [info] fatal: not a git repository (or any of the parent directories): .git
2024-02-03 07:58:47.467 [info] > git rev-parse --show-toplevel [3ms]
2024-02-03 07:58:47.467 [info] fatal: not a git repository (or any of the parent directories): .git
2024-02-03 07:59:09.618 [info] > git rev-parse --show-toplevel [7ms]
2024-02-03 07:59:09.618 [info] fatal: not a git repository (or any of the parent directories): .git
2024-02-03 07:59:51.181 [info] > git rev-parse --show-toplevel [2ms]
2024-02-03 07:59:51.181 [info] fatal: not a git repository (or any of the parent directories): .git
2024-02-03 07:59:52.162 [info] > git rev-parse --show-toplevel [2ms]
2024-02-03 07:59:52.162 [info] fatal: not a git repository (or any of the parent directories): .git
