2024-02-03 14:44:59.330 [info] Extension host with pid 3220 started
2024-02-03 14:44:59.446 [info] Lock '/home/ander/.vscode-server/data/User/workspaceStorage/b79004ed3bff3b025474fe3d943c51b6/vscode.lock': Lock acquired.
2024-02-03 14:44:59.551 [info] ExtensionService#_doActivateExtension vscode.tunnel-forwarding, startup: false, activationEvent: 'onTunnel'
2024-02-03 14:44:59.628 [info] ExtensionService#_doActivateExtension vscode.git-base, startup: true, activationEvent: '*', root cause: vscode.git
2024-02-03 14:44:59.766 [info] ExtensionService#_doActivateExtension vscode.git, startup: true, activationEvent: '*'
2024-02-03 14:44:59.766 [info] ExtensionService#_doActivateExtension vscode.github, startup: true, activationEvent: '*'
2024-02-03 14:45:01.934 [info] Eager extensions activated
2024-02-03 14:45:01.946 [info] ExtensionService#_doActivateExtension vscode.debug-auto-launch, startup: false, activationEvent: 'onStartupFinished'
2024-02-03 14:45:01.949 [info] ExtensionService#_doActivateExtension vscode.merge-conflict, startup: false, activationEvent: 'onStartupFinished'
2024-02-03 14:45:01.953 [info] ExtensionService#_doActivateExtension ritwickdey.LiveServer, startup: false, activationEvent: 'onStartupFinished'
2024-02-03 14:45:05.251 [warning] [Decorations] CAPPING events from decorations provider vscode.git 6089
2024-02-03 14:45:07.326 [warning] [Decorations] CAPPING events from decorations provider vscode.git 6089
2024-02-03 14:45:12.714 [warning] [Decorations] CAPPING events from decorations provider vscode.git 6089
2024-02-03 14:45:17.885 [warning] [Decorations] CAPPING events from decorations provider vscode.git 6089
2024-02-03 14:45:23.084 [warning] [Decorations] CAPPING events from decorations provider vscode.git 6089
2024-02-03 14:45:28.203 [warning] [Decorations] CAPPING events from decorations provider vscode.git 6089
2024-02-03 14:45:33.359 [warning] [Decorations] CAPPING events from decorations provider vscode.git 6089
2024-02-03 14:45:34.916 [info] ExtensionService#_doActivateExtension vscode.html-language-features, startup: false, activationEvent: 'onLanguage:html'
2024-02-03 14:45:34.918 [info] ExtensionService#_doActivateExtension vscode.emmet, startup: false, activationEvent: 'onLanguage'
2024-02-03 14:45:38.497 [warning] [Decorations] CAPPING events from decorations provider vscode.git 6090
2024-02-03 14:45:43.650 [warning] [Decorations] CAPPING events from decorations provider vscode.git 6090
2024-02-03 14:46:14.215 [warning] [Decorations] CAPPING events from decorations provider vscode.git 6090
2024-02-03 14:46:19.379 [warning] [Decorations] CAPPING events from decorations provider vscode.git 6090
2024-02-03 14:46:24.529 [warning] [Decorations] CAPPING events from decorations provider vscode.git 6090
2024-02-03 14:46:29.733 [warning] [Decorations] CAPPING events from decorations provider vscode.git 6090
2024-02-03 14:46:34.870 [warning] [Decorations] CAPPING events from decorations provider vscode.git 6090
2024-02-03 14:46:40.855 [warning] [Decorations] CAPPING events from decorations provider vscode.git 6090
2024-02-03 14:46:46.003 [warning] [Decorations] CAPPING events from decorations provider vscode.git 6090
2024-02-03 14:46:51.153 [warning] [Decorations] CAPPING events from decorations provider vscode.git 6090
2024-02-03 14:46:56.322 [warning] [Decorations] CAPPING events from decorations provider vscode.git 6090
2024-02-03 14:47:01.504 [warning] [Decorations] CAPPING events from decorations provider vscode.git 6092
