2024-02-03 14:45:03.812 [info] Log level: Info
2024-02-03 14:45:03.812 [info] Validating found git in: "git"
2024-02-03 14:45:03.812 [info] Using git "2.34.1" from "git"
2024-02-03 14:45:03.812 [info] > git rev-parse --show-toplevel [261ms]
2024-02-03 14:45:03.812 [info] > git rev-parse --git-dir --git-common-dir [8ms]
2024-02-03 14:45:03.812 [info] Open repository: /home/ander
2024-02-03 14:45:03.937 [info] > git config --get commit.template [33ms]
2024-02-03 14:45:03.967 [info] > git rev-parse --show-toplevel [55ms]
2024-02-03 14:45:04.013 [info] > git rev-parse --show-toplevel [4ms]
2024-02-03 14:45:04.014 [info] > git for-each-ref --format=%(refname)%00%(upstream:short)%00%(objectname)%00%(upstream:track)%00%(upstream:remotename)%00%(upstream:remoteref) refs/heads/master refs/remotes/master [27ms]
2024-02-03 14:45:04.109 [info] > git rev-parse --show-toplevel [2ms]
2024-02-03 14:45:04.159 [info] > git rev-parse --show-toplevel [3ms]
2024-02-03 14:45:04.446 [info] > git check-ignore -v -z --stdin [2ms]
2024-02-03 14:45:05.125 [info] > git status -z -uall [1033ms]
2024-02-03 14:45:06.895 [info] > git config --get commit.template [105ms]
2024-02-03 14:45:07.106 [info] > git for-each-ref --format=%(refname)%00%(upstream:short)%00%(objectname)%00%(upstream:track)%00%(upstream:remotename)%00%(upstream:remoteref) refs/heads/master refs/remotes/master [182ms]
2024-02-03 14:45:07.217 [info] > git status -z -uall [100ms]
2024-02-03 14:45:12.529 [info] > git config --get commit.template [23ms]
2024-02-03 14:45:12.531 [info] > git for-each-ref --format=%(refname)%00%(upstream:short)%00%(objectname)%00%(upstream:track)%00%(upstream:remotename)%00%(upstream:remoteref) refs/heads/master refs/remotes/master [11ms]
2024-02-03 14:45:12.641 [info] > git status -z -uall [89ms]
2024-02-03 14:45:17.775 [info] > git config --get commit.template [16ms]
2024-02-03 14:45:17.776 [info] > git for-each-ref --format=%(refname)%00%(upstream:short)%00%(objectname)%00%(upstream:track)%00%(upstream:remotename)%00%(upstream:remoteref) refs/heads/master refs/remotes/master [3ms]
2024-02-03 14:45:17.824 [info] > git status -z -uall [35ms]
2024-02-03 14:45:22.934 [info] > git config --get commit.template [6ms]
2024-02-03 14:45:22.957 [info] > git for-each-ref --format=%(refname)%00%(upstream:short)%00%(objectname)%00%(upstream:track)%00%(upstream:remotename)%00%(upstream:remoteref) refs/heads/master refs/remotes/master [4ms]
2024-02-03 14:45:23.024 [info] > git status -z -uall [53ms]
2024-02-03 14:45:28.108 [info] > git config --get commit.template [2ms]
2024-02-03 14:45:28.117 [info] > git for-each-ref --format=%(refname)%00%(upstream:short)%00%(objectname)%00%(upstream:track)%00%(upstream:remotename)%00%(upstream:remoteref) refs/heads/master refs/remotes/master [1ms]
2024-02-03 14:45:28.151 [info] > git status -z -uall [27ms]
2024-02-03 14:45:33.251 [info] > git config --get commit.template [22ms]
2024-02-03 14:45:33.253 [info] > git for-each-ref --format=%(refname)%00%(upstream:short)%00%(objectname)%00%(upstream:track)%00%(upstream:remotename)%00%(upstream:remoteref) refs/heads/master refs/remotes/master [4ms]
2024-02-03 14:45:33.301 [info] > git status -z -uall [38ms]
2024-02-03 14:45:35.470 [info] > git show --textconv :web.html [83ms]
2024-02-03 14:45:35.471 [info] > git ls-files --stage -- /home/ander/web.html [66ms]
2024-02-03 14:45:35.495 [info] > git cat-file -s d88d922277f10b14d8635d9edd476a7b4c5abcdb [5ms]
2024-02-03 14:45:38.395 [info] > git config --get commit.template [9ms]
2024-02-03 14:45:38.395 [info] > git for-each-ref --format=%(refname)%00%(upstream:short)%00%(objectname)%00%(upstream:track)%00%(upstream:remotename)%00%(upstream:remoteref) refs/heads/master refs/remotes/master [2ms]
2024-02-03 14:45:38.437 [info] > git status -z -uall [34ms]
2024-02-03 14:45:43.537 [info] > git config --get commit.template [2ms]
2024-02-03 14:45:43.551 [info] > git for-each-ref --format=%(refname)%00%(upstream:short)%00%(objectname)%00%(upstream:track)%00%(upstream:remotename)%00%(upstream:remoteref) refs/heads/master refs/remotes/master [2ms]
2024-02-03 14:45:43.590 [info] > git status -z -uall [27ms]
2024-02-03 14:46:14.042 [info] > git config --get commit.template [17ms]
2024-02-03 14:46:14.043 [info] > git for-each-ref --format=%(refname)%00%(upstream:short)%00%(objectname)%00%(upstream:track)%00%(upstream:remotename)%00%(upstream:remoteref) refs/heads/master refs/remotes/master [7ms]
2024-02-03 14:46:14.124 [info] > git status -z -uall [54ms]
2024-02-03 14:46:19.243 [info] > git config --get commit.template [2ms]
2024-02-03 14:46:19.254 [info] > git for-each-ref --format=%(refname)%00%(upstream:short)%00%(objectname)%00%(upstream:track)%00%(upstream:remotename)%00%(upstream:remoteref) refs/heads/master refs/remotes/master [2ms]
2024-02-03 14:46:19.308 [info] > git status -z -uall [43ms]
2024-02-03 14:46:24.407 [info] > git config --get commit.template [2ms]
2024-02-03 14:46:24.417 [info] > git for-each-ref --format=%(refname)%00%(upstream:short)%00%(objectname)%00%(upstream:track)%00%(upstream:remotename)%00%(upstream:remoteref) refs/heads/master refs/remotes/master [2ms]
2024-02-03 14:46:24.457 [info] > git status -z -uall [32ms]
2024-02-03 14:46:29.551 [info] > git config --get commit.template [1ms]
2024-02-03 14:46:29.564 [info] > git for-each-ref --format=%(refname)%00%(upstream:short)%00%(objectname)%00%(upstream:track)%00%(upstream:remotename)%00%(upstream:remoteref) refs/heads/master refs/remotes/master [2ms]
2024-02-03 14:46:29.615 [info] > git status -z -uall [41ms]
2024-02-03 14:46:34.762 [info] > git config --get commit.template [1ms]
2024-02-03 14:46:34.773 [info] > git for-each-ref --format=%(refname)%00%(upstream:short)%00%(objectname)%00%(upstream:track)%00%(upstream:remotename)%00%(upstream:remoteref) refs/heads/master refs/remotes/master [1ms]
2024-02-03 14:46:34.809 [info] > git status -z -uall [28ms]
2024-02-03 14:46:40.733 [info] > git config --get commit.template [4ms]
2024-02-03 14:46:40.750 [info] > git for-each-ref --format=%(refname)%00%(upstream:short)%00%(objectname)%00%(upstream:track)%00%(upstream:remotename)%00%(upstream:remoteref) refs/heads/master refs/remotes/master [1ms]
2024-02-03 14:46:40.789 [info] > git status -z -uall [28ms]
2024-02-03 14:46:45.896 [info] > git config --get commit.template [17ms]
2024-02-03 14:46:45.898 [info] > git for-each-ref --format=%(refname)%00%(upstream:short)%00%(objectname)%00%(upstream:track)%00%(upstream:remotename)%00%(upstream:remoteref) refs/heads/master refs/remotes/master [5ms]
2024-02-03 14:46:45.944 [info] > git status -z -uall [34ms]
2024-02-03 14:46:51.037 [info] > git config --get commit.template [11ms]
2024-02-03 14:46:51.037 [info] > git for-each-ref --format=%(refname)%00%(upstream:short)%00%(objectname)%00%(upstream:track)%00%(upstream:remotename)%00%(upstream:remoteref) refs/heads/master refs/remotes/master [1ms]
2024-02-03 14:46:51.094 [info] > git status -z -uall [49ms]
2024-02-03 14:46:56.208 [info] > git config --get commit.template [18ms]
2024-02-03 14:46:56.209 [info] > git for-each-ref --format=%(refname)%00%(upstream:short)%00%(objectname)%00%(upstream:track)%00%(upstream:remotename)%00%(upstream:remoteref) refs/heads/master refs/remotes/master [2ms]
2024-02-03 14:46:56.264 [info] > git status -z -uall [42ms]
2024-02-03 14:47:01.368 [info] > git config --get commit.template [12ms]
2024-02-03 14:47:01.370 [info] > git for-each-ref --format=%(refname)%00%(upstream:short)%00%(objectname)%00%(upstream:track)%00%(upstream:remotename)%00%(upstream:remoteref) refs/heads/master refs/remotes/master [3ms]
2024-02-03 14:47:01.415 [info] > git status -z -uall [36ms]
