2024-02-03 08:00:17.792 [info] Extension host with pid 2118 started
2024-02-03 08:00:17.968 [info] ExtensionService#_doActivateExtension vscode.git-base, startup: true, activationEvent: '*', root cause: vscode.git
2024-02-03 08:00:18.066 [info] ExtensionService#_doActivateExtension vscode.git, startup: true, activationEvent: '*'
2024-02-03 08:00:18.078 [info] ExtensionService#_doActivateExtension vscode.github, startup: true, activationEvent: '*'
2024-02-03 08:00:18.902 [info] Eager extensions activated
2024-02-03 08:00:18.903 [info] ExtensionService#_doActivateExtension vscode.debug-auto-launch, startup: false, activationEvent: 'onStartupFinished'
2024-02-03 08:00:18.904 [info] ExtensionService#_doActivateExtension vscode.merge-conflict, startup: false, activationEvent: 'onStartupFinished'
2024-02-03 08:00:19.588 [info] Extension host terminating: received terminate message from renderer
2024-02-03 08:00:19.867 [error] ProxyResolver#addCertificatesV1 Canceled: Canceled
	at new f (/home/ander/.vscode-server/bin/05047486b6df5eb8d44b2ecd70ea3bdf775fd937/out/vs/workbench/api/node/extensionHostProcess.js:140:45069)
	at d.U (/home/ander/.vscode-server/bin/05047486b6df5eb8d44b2ecd70ea3bdf775fd937/out/vs/workbench/api/node/extensionHostProcess.js:147:5557)
	at T.<computed>.O.charCodeAt.T.<computed> (/home/ander/.vscode-server/bin/05047486b6df5eb8d44b2ecd70ea3bdf775fd937/out/vs/workbench/api/node/extensionHostProcess.js:147:3008)
	at L.loadCertificates (/home/ander/.vscode-server/bin/05047486b6df5eb8d44b2ecd70ea3bdf775fd937/out/vs/workbench/api/node/extensionHostProcess.js:153:39202)
	at Object.loadAdditionalCertificates (/home/ander/.vscode-server/bin/05047486b6df5eb8d44b2ecd70ea3bdf775fd937/out/vs/workbench/api/node/extensionHostProcess.js:135:34306)
	at /home/ander/.vscode-server/bin/05047486b6df5eb8d44b2ecd70ea3bdf775fd937/node_modules/@vscode/proxy-agent/out/index.js:475:53
	at Generator.next (<anonymous>)
	at /home/ander/.vscode-server/bin/05047486b6df5eb8d44b2ecd70ea3bdf775fd937/node_modules/@vscode/proxy-agent/out/index.js:35:71
	at new Promise (<anonymous>)
	at __awaiter (/home/ander/.vscode-server/bin/05047486b6df5eb8d44b2ecd70ea3bdf775fd937/node_modules/@vscode/proxy-agent/out/index.js:31:12)
	at /home/ander/.vscode-server/bin/05047486b6df5eb8d44b2ecd70ea3bdf775fd937/node_modules/@vscode/proxy-agent/out/index.js:474:43
	at /home/ander/.vscode-server/bin/05047486b6df5eb8d44b2ecd70ea3bdf775fd937/node_modules/@vscode/proxy-agent/out/index.js:476:16
	at Generator.next (<anonymous>)
	at /home/ander/.vscode-server/bin/05047486b6df5eb8d44b2ecd70ea3bdf775fd937/node_modules/@vscode/proxy-agent/out/index.js:35:71
	at new Promise (<anonymous>)
	at __awaiter (/home/ander/.vscode-server/bin/05047486b6df5eb8d44b2ecd70ea3bdf775fd937/node_modules/@vscode/proxy-agent/out/index.js:31:12)
	at getOrLoadAdditionalCertificates (/home/ander/.vscode-server/bin/05047486b6df5eb8d44b2ecd70ea3bdf775fd937/node_modules/@vscode/proxy-agent/out/index.js:472:12)
	at addCertificatesV1 (/home/ander/.vscode-server/bin/05047486b6df5eb8d44b2ecd70ea3bdf775fd937/node_modules/@vscode/proxy-agent/out/index.js:456:9)
	at resolveProxy (/home/ander/.vscode-server/bin/05047486b6df5eb8d44b2ecd70ea3bdf775fd937/node_modules/@vscode/proxy-agent/out/index.js:112:9)
	at /home/ander/.vscode-server/bin/05047486b6df5eb8d44b2ecd70ea3bdf775fd937/node_modules/@vscode/proxy-agent/out/index.js:303:77
	at new Promise (<anonymous>)
	at _PacProxyAgent.resolveP [as resolver] (/home/ander/.vscode-server/bin/05047486b6df5eb8d44b2ecd70ea3bdf775fd937/node_modules/@vscode/proxy-agent/out/index.js:303:54)
	at _PacProxyAgent.<anonymous> (/home/ander/.vscode-server/bin/05047486b6df5eb8d44b2ecd70ea3bdf775fd937/node_modules/@vscode/proxy-agent/out/agent.js:70:37)
	at Generator.next (<anonymous>)
	at /home/ander/.vscode-server/bin/05047486b6df5eb8d44b2ecd70ea3bdf775fd937/node_modules/@vscode/proxy-agent/out/agent.js:8:71
	at new Promise (<anonymous>)
	at __awaiter (/home/ander/.vscode-server/bin/05047486b6df5eb8d44b2ecd70ea3bdf775fd937/node_modules/@vscode/proxy-agent/out/agent.js:4:12)
	at _PacProxyAgent.connect (/home/ander/.vscode-server/bin/05047486b6df5eb8d44b2ecd70ea3bdf775fd937/node_modules/@vscode/proxy-agent/out/agent.js:52:16)
	at /home/ander/.vscode-server/bin/05047486b6df5eb8d44b2ecd70ea3bdf775fd937/node_modules/agent-base/dist/index.js:73:30
	at process.processTicksAndRejections (node:internal/process/task_queues:95:5)
2024-02-03 08:00:19.868 [info] Extension host with pid 2118 exiting with code 0
